<?xml version="1.0" encoding="UTF-8"?>
<!-- Generated by org.testng.reporters.JUnitXMLReporter -->
<testsuite ignored="2" hostname="Wamiq" failures="0" tests="1" name="TestGoogle" time="4.763" errors="0" timestamp="2023-12-15T16:32:06 IST">
  <testcase classname="wmq.FirstTest" name="TestGoogle" time="4.763"/>
  <testcase classname="wmq.FirstTest" name="OpenHRM" time="0.0">
    <ignored/>
  </testcase> <!-- OpenHRM -->
  <testcase classname="wmq.FirstTest" name="TestFacebook" time="0.0">
    <ignored/>
  </testcase> <!-- TestFacebook -->
</testsuite> <!-- TestGoogle -->
